# JRE version: OpenJDK Runtime Environment Temurin-21.0.7+6 (21.0.7+6) (build 21.0.7+6-LTS)
# Java VM: OpenJDK 64-Bit Server VM Temurin-21.0.7+6 (21.0.7+6-LTS, mixed mode, sharing, tiered, compressed oops, compressed class ptrs, g1 gc, windows-amd64)
GC Precious Log:
 CardTable entry size: 512
 Card Set container configuration: InlinePtr #cards 5 size 8 Array Of Cards #cards 12 size 40 Howl #buckets 4 coarsen threshold 1843 Howl Bitmap #cards 512 size 80 coarsen threshold 460 Card regions per heap region 1 cards per card region 2048
 CPUs: 32 total, 32 available
 Memory: 16000M
 Large Page Support: Disabled
 NUMA Support: Disabled
 Compressed Oops: Enabled (32-bit)
 Heap Region Size: 1M
 Heap Min Capacity: 8M
 Heap Initial Capacity: 252M
 Heap Max Capacity: 2G
 Pre-touch: Disabled
 Parallel Workers: 23
 Concurrent Workers: 6
 Concurrent Refinement Workers: 23
 Periodic GC: Disabled
Heap:
 garbage-first heap   total 120832K, used 67091K [0x0000000080000000, 0x0000000100000000)
  region size 1024K, 1 young (1024K), 1 survivors (1024K)
 Metaspace       used 72098K, committed 74240K, reserved 1114112K
  class space    used 9867K, committed 10944K, reserved 1048576K
GC Heap History (20 events):
Event: 9.532 GC heap after
{Heap after GC invocations=12 (full 0):
 garbage-first heap   total 92160K, used 37533K [0x0000000080000000, 0x0000000100000000)
  region size 1024K, 5 young (5120K), 5 survivors (5120K)
 Metaspace       used 51497K, committed 53312K, reserved 1114112K
  class space    used 7235K, committed 8128K, reserved 1048576K
}
Event: 10.376 GC heap before
{Heap before GC invocations=12 (full 0):
 garbage-first heap   total 92160K, used 80541K [0x0000000080000000, 0x0000000100000000)
  region size 1024K, 47 young (48128K), 5 survivors (5120K)
 Metaspace       used 57159K, committed 59136K, reserved 1114112K
  class space    used 7997K, committed 8960K, reserved 1048576K
}
Event: 10.381 GC heap after
{Heap after GC invocations=13 (full 0):
 garbage-first heap   total 92160K, used 39566K [0x0000000080000000, 0x0000000100000000)
  region size 1024K, 5 young (5120K), 5 survivors (5120K)
 Metaspace       used 57159K, committed 59136K, reserved 1114112K
  class space    used 7997K, committed 8960K, reserved 1048576K
}
Event: 10.818 GC heap before
{Heap before GC invocations=13 (full 0):
 garbage-first heap   total 92160K, used 57998K [0x0000000080000000, 0x0000000100000000)
  region size 1024K, 24 young (24576K), 5 survivors (5120K)
 Metaspace       used 58890K, committed 60928K, reserved 1114112K
  class space    used 8294K, committed 9344K, reserved 1048576K
}
Event: 10.822 GC heap after
{Heap after GC invocations=14 (full 0):
 garbage-first heap   total 92160K, used 40774K [0x0000000080000000, 0x0000000100000000)
  region size 1024K, 4 young (4096K), 4 survivors (4096K)
 Metaspace       used 58890K, committed 60928K, reserved 1114112K
  class space    used 8294K, committed 9344K, reserved 1048576K
}
Event: 11.547 GC heap before
{Heap before GC invocations=15 (full 0):
 garbage-first heap   total 92160K, used 80710K [0x0000000080000000, 0x0000000100000000)
  region size 1024K, 44 young (45056K), 4 survivors (4096K)
 Metaspace       used 60052K, committed 62016K, reserved 1114112K
  class space    used 8382K, committed 9408K, reserved 1048576K
}
Event: 11.552 GC heap after
{Heap after GC invocations=16 (full 0):
 garbage-first heap   total 92160K, used 44031K [0x0000000080000000, 0x0000000100000000)
  region size 1024K, 6 young (6144K), 6 survivors (6144K)
 Metaspace       used 60052K, committed 62016K, reserved 1114112K
  class space    used 8382K, committed 9408K, reserved 1048576K
}
Event: 11.647 GC heap before
{Heap before GC invocations=16 (full 0):
 garbage-first heap   total 92160K, used 79871K [0x0000000080000000, 0x0000000100000000)
  region size 1024K, 42 young (43008K), 6 survivors (6144K)
 Metaspace       used 60225K, committed 62272K, reserved 1114112K
  class space    used 8382K, committed 9408K, reserved 1048576K
}
Event: 11.654 GC heap after
{Heap after GC invocations=17 (full 0):
 garbage-first heap   total 92160K, used 45796K [0x0000000080000000, 0x0000000100000000)
  region size 1024K, 2 young (2048K), 2 survivors (2048K)
 Metaspace       used 60225K, committed 62272K, reserved 1114112K
  class space    used 8382K, committed 9408K, reserved 1048576K
}
Event: 11.872 GC heap before
{Heap before GC invocations=17 (full 0):
 garbage-first heap   total 92160K, used 71396K [0x0000000080000000, 0x0000000100000000)
  region size 1024K, 29 young (29696K), 2 survivors (2048K)
 Metaspace       used 60467K, committed 62464K, reserved 1114112K
  class space    used 8398K, committed 9408K, reserved 1048576K
}
Event: 11.877 GC heap after
{Heap after GC invocations=18 (full 0):
 garbage-first heap   total 110592K, used 46372K [0x0000000080000000, 0x0000000100000000)
  region size 1024K, 3 young (3072K), 3 survivors (3072K)
 Metaspace       used 60467K, committed 62464K, reserved 1114112K
  class space    used 8398K, committed 9408K, reserved 1048576K
}
Event: 14.237 GC heap before
{Heap before GC invocations=19 (full 0):
 garbage-first heap   total 110592K, used 108836K [0x0000000080000000, 0x0000000100000000)
  region size 1024K, 56 young (57344K), 3 survivors (3072K)
 Metaspace       used 64192K, committed 66304K, reserved 1114112K
  class space    used 8835K, committed 9920K, reserved 1048576K
}
Event: 15.252 GC heap after
{Heap after GC invocations=20 (full 0):
 garbage-first heap   total 120832K, used 61915K [0x0000000080000000, 0x0000000100000000)
  region size 1024K, 7 young (7168K), 7 survivors (7168K)
 Metaspace       used 64192K, committed 66304K, reserved 1114112K
  class space    used 8835K, committed 9920K, reserved 1048576K
}
Event: 15.794 GC heap before
{Heap before GC invocations=20 (full 0):
 garbage-first heap   total 120832K, used 107995K [0x0000000080000000, 0x0000000100000000)
  region size 1024K, 50 young (51200K), 7 survivors (7168K)
 Metaspace       used 68363K, committed 70592K, reserved 1114112K
  class space    used 9387K, committed 10496K, reserved 1048576K
}
Event: 15.797 GC heap after
{Heap after GC invocations=21 (full 0):
 garbage-first heap   total 120832K, used 65945K [0x0000000080000000, 0x0000000100000000)
  region size 1024K, 2 young (2048K), 2 survivors (2048K)
 Metaspace       used 68363K, committed 70592K, reserved 1114112K
  class space    used 9387K, committed 10496K, reserved 1048576K
}
Event: 18.612 GC heap before
{Heap before GC invocations=21 (full 0):
 garbage-first heap   total 120832K, used 94617K [0x0000000080000000, 0x0000000100000000)
  region size 1024K, 30 young (30720K), 2 survivors (2048K)
 Metaspace       used 71775K, committed 73920K, reserved 1114112K
  class space    used 9806K, committed 10880K, reserved 1048576K
}
Event: 19.214 GC heap after
{Heap after GC invocations=22 (full 0):
 garbage-first heap   total 120832K, used 67030K [0x0000000080000000, 0x0000000100000000)
  region size 1024K, 3 young (3072K), 3 survivors (3072K)
 Metaspace       used 71775K, committed 73920K, reserved 1114112K
  class space    used 9806K, committed 10880K, reserved 1048576K
}
Event: 19.442 GC heap before
{Heap before GC invocations=23 (full 0):
 garbage-first heap   total 120832K, used 69078K [0x0000000080000000, 0x0000000100000000)
  region size 1024K, 5 young (5120K), 3 survivors (3072K)
 Metaspace       used 71878K, committed 74048K, reserved 1114112K
  class space    used 9832K, committed 10944K, reserved 1048576K
}
Event: 19.453 GC heap after
{Heap after GC invocations=24 (full 0):
 garbage-first heap   total 120832K, used 67351K [0x0000000080000000, 0x0000000100000000)
  region size 1024K, 1 young (1024K), 1 survivors (1024K)
 Metaspace       used 71878K, committed 74048K, reserved 1114112K
  class space    used 9832K, committed 10944K, reserved 1048576K
}
Event: 19.641 GC heap before
{Heap before GC invocations=24 (full 0):
 garbage-first heap   total 120832K, used 71447K [0x0000000080000000, 0x0000000100000000)
  region size 1024K, 5 young (5120K), 1 survivors (1024K)
 Metaspace       used 72098K, committed 74240K, reserved 1114112K
  class space    used 9867K, committed 10944K, reserved 1048576K
}

