# JRE version: OpenJDK Runtime Environment Temurin-21.0.7+6 (21.0.7+6) (build 21.0.7+6-LTS)
# Java VM: OpenJDK 64-Bit Server VM Temurin-21.0.7+6 (21.0.7+6-LTS, mixed mode, sharing, tiered, compressed oops, compressed class ptrs, g1 gc, windows-amd64)
GC Precious Log:
 CardTable entry size: 512
 Card Set container configuration: InlinePtr #cards 5 size 8 Array Of Cards #cards 12 size 40 Howl #buckets 4 coarsen threshold 1843 Howl Bitmap #cards 512 size 80 coarsen threshold 460 Card regions per heap region 1 cards per card region 2048
 CPUs: 32 total, 32 available
 Memory: 16000M
 Large Page Support: Disabled
 NUMA Support: Disabled
 Compressed Oops: Enabled (32-bit)
 Heap Region Size: 1M
 Heap Min Capacity: 8M
 Heap Initial Capacity: 252M
 Heap Max Capacity: 2G
 Pre-touch: Disabled
 Parallel Workers: 23
 Concurrent Workers: 6
 Concurrent Refinement Workers: 23
 Periodic GC: Disabled
Heap:
 garbage-first heap   total 414720K, used 312807K [0x0000000080000000, 0x0000000100000000)
  region size 1024K, 12 young (12288K), 12 survivors (12288K)
 Metaspace       used 112679K, committed 115136K, reserved 1179648K
  class space    used 15716K, committed 16960K, reserved 1048576K
GC Heap History (20 events):
Event: 16.961 GC heap after
{Heap after GC invocations=38 (full 0):
 garbage-first heap   total 184320K, used 111722K [0x0000000080000000, 0x0000000100000000)
  region size 1024K, 5 young (5120K), 5 survivors (5120K)
 Metaspace       used 105158K, committed 107584K, reserved 1179648K
  class space    used 14364K, committed 15616K, reserved 1048576K
}
Event: 17.121 GC heap before
{Heap before GC invocations=38 (full 0):
 garbage-first heap   total 184320K, used 170090K [0x0000000080000000, 0x0000000100000000)
  region size 1024K, 61 young (62464K), 5 survivors (5120K)
 Metaspace       used 105886K, committed 108352K, reserved 1179648K
  class space    used 14478K, committed 15744K, reserved 1048576K
}
Event: 17.129 GC heap after
{Heap after GC invocations=39 (full 0):
 garbage-first heap   total 193536K, used 127091K [0x0000000080000000, 0x0000000100000000)
  region size 1024K, 8 young (8192K), 8 survivors (8192K)
 Metaspace       used 105886K, committed 108352K, reserved 1179648K
  class space    used 14478K, committed 15744K, reserved 1048576K
}
Event: 17.157 GC heap before
{Heap before GC invocations=39 (full 0):
 garbage-first heap   total 193536K, used 173171K [0x0000000080000000, 0x0000000100000000)
  region size 1024K, 54 young (55296K), 8 survivors (8192K)
 Metaspace       used 105988K, committed 108416K, reserved 1179648K
  class space    used 14500K, committed 15744K, reserved 1048576K
}
Event: 17.165 GC heap after
{Heap after GC invocations=40 (full 0):
 garbage-first heap   total 194560K, used 138536K [0x0000000080000000, 0x0000000100000000)
  region size 1024K, 7 young (7168K), 7 survivors (7168K)
 Metaspace       used 105988K, committed 108416K, reserved 1179648K
  class space    used 14500K, committed 15744K, reserved 1048576K
}
Event: 17.191 GC heap before
{Heap before GC invocations=40 (full 0):
 garbage-first heap   total 194560K, used 175400K [0x0000000080000000, 0x0000000100000000)
  region size 1024K, 44 young (45056K), 7 survivors (7168K)
 Metaspace       used 106056K, committed 108480K, reserved 1179648K
  class space    used 14515K, committed 15744K, reserved 1048576K
}
Event: 17.196 GC heap after
{Heap after GC invocations=41 (full 0):
 garbage-first heap   total 194560K, used 147280K [0x0000000080000000, 0x0000000100000000)
  region size 1024K, 6 young (6144K), 6 survivors (6144K)
 Metaspace       used 106056K, committed 108480K, reserved 1179648K
  class space    used 14515K, committed 15744K, reserved 1048576K
}
Event: 17.222 GC heap before
{Heap before GC invocations=41 (full 0):
 garbage-first heap   total 194560K, used 176976K [0x0000000080000000, 0x0000000100000000)
  region size 1024K, 36 young (36864K), 6 survivors (6144K)
 Metaspace       used 106099K, committed 108544K, reserved 1179648K
  class space    used 14526K, committed 15744K, reserved 1048576K
}
Event: 17.226 GC heap after
{Heap after GC invocations=42 (full 0):
 garbage-first heap   total 389120K, used 153731K [0x0000000080000000, 0x0000000100000000)
  region size 1024K, 5 young (5120K), 5 survivors (5120K)
 Metaspace       used 106099K, committed 108544K, reserved 1179648K
  class space    used 14526K, committed 15744K, reserved 1048576K
}
Event: 17.563 GC heap before
{Heap before GC invocations=43 (full 0):
 garbage-first heap   total 389120K, used 314499K [0x0000000080000000, 0x0000000100000000)
  region size 1024K, 163 young (166912K), 5 survivors (5120K)
 Metaspace       used 106968K, committed 109376K, reserved 1179648K
  class space    used 14640K, committed 15872K, reserved 1048576K
}
Event: 17.594 GC heap after
{Heap after GC invocations=44 (full 0):
 garbage-first heap   total 389120K, used 192493K [0x0000000080000000, 0x0000000100000000)
  region size 1024K, 21 young (21504K), 21 survivors (21504K)
 Metaspace       used 106968K, committed 109376K, reserved 1179648K
  class space    used 14640K, committed 15872K, reserved 1048576K
}
Event: 18.003 GC heap before
{Heap before GC invocations=44 (full 0):
 garbage-first heap   total 389120K, used 312301K [0x0000000080000000, 0x0000000100000000)
  region size 1024K, 139 young (142336K), 21 survivors (21504K)
 Metaspace       used 109053K, committed 111488K, reserved 1179648K
  class space    used 15055K, committed 16256K, reserved 1048576K
}
Event: 18.019 GC heap after
{Heap after GC invocations=45 (full 0):
 garbage-first heap   total 389120K, used 221768K [0x0000000080000000, 0x0000000100000000)
  region size 1024K, 18 young (18432K), 18 survivors (18432K)
 Metaspace       used 109053K, committed 111488K, reserved 1179648K
  class space    used 15055K, committed 16256K, reserved 1048576K
}
Event: 18.379 GC heap before
{Heap before GC invocations=45 (full 0):
 garbage-first heap   total 389120K, used 328264K [0x0000000080000000, 0x0000000100000000)
  region size 1024K, 122 young (124928K), 18 survivors (18432K)
 Metaspace       used 111644K, committed 114112K, reserved 1179648K
  class space    used 15553K, committed 16768K, reserved 1048576K
}
Event: 18.394 GC heap after
{Heap after GC invocations=46 (full 0):
 garbage-first heap   total 389120K, used 248135K [0x0000000080000000, 0x0000000100000000)
  region size 1024K, 16 young (16384K), 16 survivors (16384K)
 Metaspace       used 111644K, committed 114112K, reserved 1179648K
  class space    used 15553K, committed 16768K, reserved 1048576K
}
Event: 18.516 GC heap before
{Heap before GC invocations=47 (full 0):
 garbage-first heap   total 414720K, used 339271K [0x0000000080000000, 0x0000000100000000)
  region size 1024K, 105 young (107520K), 16 survivors (16384K)
 Metaspace       used 112148K, committed 114624K, reserved 1179648K
  class space    used 15618K, committed 16832K, reserved 1048576K
}
Event: 18.534 GC heap after
{Heap after GC invocations=48 (full 0):
 garbage-first heap   total 414720K, used 271465K [0x0000000080000000, 0x0000000100000000)
  region size 1024K, 14 young (14336K), 14 survivors (14336K)
 Metaspace       used 112148K, committed 114624K, reserved 1179648K
  class space    used 15618K, committed 16832K, reserved 1048576K
}
Event: 18.607 GC heap before
{Heap before GC invocations=48 (full 0):
 garbage-first heap   total 414720K, used 361577K [0x0000000080000000, 0x0000000100000000)
  region size 1024K, 103 young (105472K), 14 survivors (14336K)
 Metaspace       used 112398K, committed 114880K, reserved 1179648K
  class space    used 15660K, committed 16896K, reserved 1048576K
}
Event: 18.629 GC heap after
{Heap after GC invocations=49 (full 0):
 garbage-first heap   total 414720K, used 292748K [0x0000000080000000, 0x0000000100000000)
  region size 1024K, 13 young (13312K), 13 survivors (13312K)
 Metaspace       used 112398K, committed 114880K, reserved 1179648K
  class space    used 15660K, committed 16896K, reserved 1048576K
}
Event: 18.690 GC heap before
{Heap before GC invocations=49 (full 0):
 garbage-first heap   total 414720K, used 369548K [0x0000000080000000, 0x0000000100000000)
  region size 1024K, 89 young (91136K), 13 survivors (13312K)
 Metaspace       used 112679K, committed 115136K, reserved 1179648K
  class space    used 15716K, committed 16960K, reserved 1048576K
}

